06:38:57.398 [main] DEBUG org.apache.poi.openxml4j.opc.PackageRelationshipCollection - Parsing relationship: /_rels/.rels
06:38:57.407 [main] DEBUG org.apache.poi.openxml4j.opc.PackageRelationshipCollection - Parsing relationship: /xl/_rels/workbook.xml.rels
06:38:57.407 [main] DEBUG org.apache.poi.openxml4j.opc.PackageRelationshipCollection - Parsing relationship: /_rels/.rels
06:38:57.415 [main] DEBUG org.apache.poi.openxml4j.opc.PackageRelationshipCollection - Parsing relationship: /xl/_rels/workbook.xml.rels
06:38:57.416 [main] DEBUG org.apache.poi.openxml4j.opc.PackageRelationshipCollection - Parsing relationship: /_rels/.rels
06:38:57.421 [main] DEBUG org.apache.poi.openxml4j.opc.PackageRelationshipCollection - Parsing relationship: /xl/_rels/workbook.xml.rels
06:38:57.422 [main] DEBUG org.apache.poi.openxml4j.opc.PackageRelationshipCollection - Parsing relationship: /_rels/.rels
06:38:57.428 [main] DEBUG org.apache.poi.openxml4j.opc.PackageRelationshipCollection - Parsing relationship: /xl/_rels/workbook.xml.rels
06:38:57.428 [main] DEBUG org.apache.poi.openxml4j.opc.PackageRelationshipCollection - Parsing relationship: /_rels/.rels
06:38:57.433 [main] DEBUG org.apache.poi.openxml4j.opc.PackageRelationshipCollection - Parsing relationship: /xl/_rels/workbook.xml.rels
06:38:57.433 [main] DEBUG org.apache.poi.openxml4j.opc.PackageRelationshipCollection - Parsing relationship: /_rels/.rels
06:38:57.439 [main] DEBUG org.apache.poi.openxml4j.opc.PackageRelationshipCollection - Parsing relationship: /xl/_rels/workbook.xml.rels
06:38:57.439 [main] DEBUG org.apache.poi.openxml4j.opc.PackageRelationshipCollection - Parsing relationship: /_rels/.rels
06:38:57.450 [main] INFO  testCases.TC_003_LoginDDT - ****Starting TC003_LoginDDT****
06:39:08.627 [main] INFO  testCases.TC_003_LoginDDT - ****Starting TC003_LoginDDT****
06:39:19.884 [main] INFO  testCases.TC_003_LoginDDT - ****Starting TC003_LoginDDT****
06:39:29.955 [main] INFO  testCases.TC_003_LoginDDT - ****Starting TC003_LoginDDT****
06:39:40.018 [main] INFO  testCases.TC_003_LoginDDT - ****Starting TC003_LoginDDT****
10:54:40.303 [main] INFO  testCases.TC001_AccountRegistrationTest - ********Staring TC001_AccountRegistrationTest********
10:54:40.836 [main] INFO  testCases.TC001_AccountRegistrationTest - Clicked on Register
10:54:40.838 [main] INFO  testCases.TC001_AccountRegistrationTest - Providing details
10:54:41.201 [main] INFO  testCases.TC001_AccountRegistrationTest - validation
10:54:41.833 [main] INFO  testCases.TC001_AccountRegistrationTest - Test Passed
10:54:41.833 [main] INFO  testCases.TC001_AccountRegistrationTest - ********Finished TC001_AccountRegistrationTest********
10:57:11.562 [main] INFO  testCases.TC001_AccountRegistrationTest - ********Staring TC001_AccountRegistrationTest********
10:57:11.932 [main] INFO  testCases.TC001_AccountRegistrationTest - Clicked on Register
10:57:11.933 [main] INFO  testCases.TC001_AccountRegistrationTest - Providing details
10:57:13.022 [main] INFO  testCases.TC001_AccountRegistrationTest - validation
10:57:13.043 [main] INFO  testCases.TC001_AccountRegistrationTest - Test Passed
10:57:13.043 [main] INFO  testCases.TC001_AccountRegistrationTest - ********Finished TC001_AccountRegistrationTest********
10:59:12.786 [main] INFO  testCases.TC001_AccountRegistrationTest - ********Staring TC001_AccountRegistrationTest********
10:59:13.169 [main] INFO  testCases.TC001_AccountRegistrationTest - Clicked on Register
10:59:13.171 [main] INFO  testCases.TC001_AccountRegistrationTest - Providing details
10:59:13.505 [main] INFO  testCases.TC001_AccountRegistrationTest - validation
10:59:14.254 [main] INFO  testCases.TC001_AccountRegistrationTest - Test Passed
10:59:14.254 [main] INFO  testCases.TC001_AccountRegistrationTest - ********Finished TC001_AccountRegistrationTest********
11:49:00.253 [main] INFO  testCases.TC001_AccountRegistrationTest - ********Staring TC001_AccountRegistrationTest********
11:49:00.732 [main] INFO  testCases.TC001_AccountRegistrationTest - Clicked on Register
11:49:00.733 [main] INFO  testCases.TC001_AccountRegistrationTest - Providing details
11:49:01.136 [main] INFO  testCases.TC001_AccountRegistrationTest - validation
11:49:01.934 [main] INFO  testCases.TC001_AccountRegistrationTest - Test Passed
11:49:01.934 [main] INFO  testCases.TC001_AccountRegistrationTest - ********Finished TC001_AccountRegistrationTest********
11:52:11.320 [main] INFO  testCases.TC001_AccountRegistrationTest - ********Staring TC001_AccountRegistrationTest********
11:52:11.692 [main] INFO  testCases.TC001_AccountRegistrationTest - Clicked on Register
11:52:11.693 [main] INFO  testCases.TC001_AccountRegistrationTest - Providing details
11:52:12.867 [main] INFO  testCases.TC001_AccountRegistrationTest - validation
11:52:12.888 [main] INFO  testCases.TC001_AccountRegistrationTest - Test Passed
11:52:12.888 [main] INFO  testCases.TC001_AccountRegistrationTest - ********Finished TC001_AccountRegistrationTest********
12:04:50.131 [main] INFO  testCases.TC001_AccountRegistrationTest - ********Staring TC001_AccountRegistrationTest********
