21:35:19.342 [main] INFO  testCases.TC001_AccountRegistrationTest - ********Staring TC001_AccountRegistrationTest********
21:35:19.733 [main] INFO  testCases.TC001_AccountRegistrationTest - Clicked on Register
21:35:19.735 [main] INFO  testCases.TC001_AccountRegistrationTest - Providing details
21:35:20.061 [main] INFO  testCases.TC001_AccountRegistrationTest - validation
21:35:20.856 [main] ERROR testCases.TC001_AccountRegistrationTest - Testing error...
21:35:20.856 [main] DEBUG testCases.TC001_AccountRegistrationTest - Testing debug...
07:59:26.284 [main] INFO  testCases.TC001_AccountRegistrationTest - ********Staring TC001_AccountRegistrationTest********
07:59:26.685 [main] INFO  testCases.TC001_AccountRegistrationTest - Clicked on Register
07:59:26.687 [main] INFO  testCases.TC001_AccountRegistrationTest - Providing details
07:59:27.070 [main] INFO  testCases.TC001_AccountRegistrationTest - validation
07:59:28.113 [main] INFO  testCases.TC001_AccountRegistrationTest - Test Passed
07:59:28.114 [main] INFO  testCases.TC001_AccountRegistrationTest - ********Finished TC001_AccountRegistrationTest********
08:08:00.392 [main] INFO  testCases.TC001_AccountRegistrationTest - ********Staring TC001_AccountRegistrationTest********
08:08:00.770 [main] INFO  testCases.TC001_AccountRegistrationTest - Clicked on Register
08:08:00.773 [main] INFO  testCases.TC001_AccountRegistrationTest - Providing details
08:08:01.846 [main] INFO  testCases.TC001_AccountRegistrationTest - validation
08:08:01.863 [main] INFO  testCases.TC001_AccountRegistrationTest - Test Passed
08:08:01.863 [main] INFO  testCases.TC001_AccountRegistrationTest - ********Finished TC001_AccountRegistrationTest********
08:08:04.271 [main] INFO  testCases.TC001_AccountRegistrationTest - ********Staring TC001_AccountRegistrationTest********
08:08:04.687 [main] INFO  testCases.TC001_AccountRegistrationTest - Clicked on Register
08:08:04.687 [main] INFO  testCases.TC001_AccountRegistrationTest - Providing details
08:08:05.002 [main] INFO  testCases.TC001_AccountRegistrationTest - validation
08:08:05.910 [main] INFO  testCases.TC001_AccountRegistrationTest - Test Passed
08:08:05.910 [main] INFO  testCases.TC001_AccountRegistrationTest - ********Finished TC001_AccountRegistrationTest********
08:10:00.564 [TestNG-tests-1] INFO  testCases.TC001_AccountRegistrationTest - ********Staring TC001_AccountRegistrationTest********
08:10:00.925 [TestNG-tests-1] INFO  testCases.TC001_AccountRegistrationTest - Clicked on Register
08:10:00.926 [TestNG-tests-1] INFO  testCases.TC001_AccountRegistrationTest - Providing details
08:10:03.063 [TestNG-tests-1] INFO  testCases.TC001_AccountRegistrationTest - validation
08:10:03.079 [TestNG-tests-1] INFO  testCases.TC001_AccountRegistrationTest - Test Passed
08:10:03.079 [TestNG-tests-1] INFO  testCases.TC001_AccountRegistrationTest - ********Finished TC001_AccountRegistrationTest********
08:11:11.685 [TestNG-tests-1] INFO  testCases.TC001_AccountRegistrationTest - ********Staring TC001_AccountRegistrationTest********
08:11:12.161 [TestNG-tests-1] INFO  testCases.TC001_AccountRegistrationTest - Clicked on Register
08:11:12.164 [TestNG-tests-1] INFO  testCases.TC001_AccountRegistrationTest - Providing details
08:11:13.241 [TestNG-tests-1] INFO  testCases.TC001_AccountRegistrationTest - validation
08:11:13.258 [TestNG-tests-1] INFO  testCases.TC001_AccountRegistrationTest - Test Passed
08:11:13.258 [TestNG-tests-1] INFO  testCases.TC001_AccountRegistrationTest - ********Finished TC001_AccountRegistrationTest********
08:11:14.341 [TestNG-tests-2] INFO  testCases.TC001_AccountRegistrationTest - ********Staring TC001_AccountRegistrationTest********
08:11:15.040 [TestNG-tests-2] INFO  testCases.TC001_AccountRegistrationTest - Clicked on Register
08:11:15.041 [TestNG-tests-2] INFO  testCases.TC001_AccountRegistrationTest - Providing details
08:11:16.238 [TestNG-tests-2] INFO  testCases.TC001_AccountRegistrationTest - validation
08:11:16.249 [TestNG-tests-2] INFO  testCases.TC001_AccountRegistrationTest - Test Passed
08:11:16.249 [TestNG-tests-2] INFO  testCases.TC001_AccountRegistrationTest - ********Finished TC001_AccountRegistrationTest********
08:22:24.061 [main] INFO  testCases.TC001_AccountRegistrationTest - ********Staring TC001_AccountRegistrationTest********
08:22:51.911 [main] INFO  testCases.TC001_AccountRegistrationTest - ********Staring TC001_AccountRegistrationTest********
08:22:52.278 [main] INFO  testCases.TC001_AccountRegistrationTest - Clicked on Register
08:22:52.279 [main] INFO  testCases.TC001_AccountRegistrationTest - Providing details
08:22:52.615 [main] INFO  testCases.TC001_AccountRegistrationTest - validation
08:22:53.283 [main] INFO  testCases.TC001_AccountRegistrationTest - Test Passed
08:22:53.283 [main] INFO  testCases.TC001_AccountRegistrationTest - ********Finished TC001_AccountRegistrationTest********
05:57:38.601 [main] DEBUG org.apache.poi.openxml4j.opc.PackageRelationshipCollection - Parsing relationship: /xl/_rels/workbook.xml.rels
